<?xml version="1.0" encoding="UTF-8"?>
<testsuite xmlns:xsi="http://www.w3.org/2001/XMLSchema-instance" xsi:noNamespaceSchemaLocation="https://maven.apache.org/surefire/maven-surefire-plugin/xsd/surefire-test-report-3.0.xsd" version="3.0" name="com.employee.management.controller.EmployeeControllerTest" time="2.176" tests="4" errors="0" skipped="0" failures="0">
  <properties>
[...]
</properties>
  <testcase name="userRegisterationTest" classname="com.employee.management.controller.EmployeeControllerTest" time="1.973"/>
  <testcase name="loginEndpoint" classname="com.employee.management.controller.EmployeeControllerTest" time="0.135">
    <system-out><![CDATA[authObject: Mock for Authentication, hashCode: 2054997292
]]></system-out>
  </testcase>
  <testcase name="testGetAllEmployees" classname="com.employee.management.controller.EmployeeControllerTest" time="0.029"/>
  <testcase name="badCredentials" classname="com.employee.management.controller.EmployeeControllerTest" time="0.002"/>
</testsuite>